<?xml version="1.0" encoding="UTF-8"?>
<testExecutions version="1">
  <file path="/Users/ltran/broad-hammer/onformsubmit-http/__tests__/firecloud.test.js">
    <testCase name="Auth Tests should test env variables are loaded properly" duration="1"/>
    <testCase name="Auth Tests should make request to /api/groups" duration="2"/>
    <testCase name="Auth Tests should make requests to /api/workspaces/{workspaceNamespace}/{workspaceName}/clone" duration="1"/>
    <testCase name="Auth Tests should make requests to /api/workspaces" duration="1"/>
  </file>
  <file path="/Users/ltran/broad-hammer/onformsubmit-http/__tests__/auth.test.js">
    <testCase name="Auth Tests should get OAuth2 token" duration="113"/>
    <testCase name="Auth Tests should parse client_email from creds file" duration="2"/>
    <testCase name="Auth Tests should throw Error" duration="15"/>
  </file>
  <file path="/Users/ltran/broad-hammer/onformsubmit-http/__tests__/submission.test.js">
    <testCase name="Submission Tests should accept message parsing and display message" duration="1"/>
    <testCase name="Submission Tests should save submission data to json file" duration="0"/>
    <testCase name="Submission Tests should throw failure message when parsing" duration="4"/>
    <testCase name="Submission Tests should return the cohort map" duration="0"/>
  </file>
  <file path="/Users/ltran/broad-hammer/onformsubmit-http/__tests__/cohort.test.js">
    <testCase name="Cohort Tests should sucessfully create a cohort" duration="1"/>
  </file>
  <file path="/Users/ltran/broad-hammer/onformsubmit-http/__tests__/index.test.js">
    <testCase name="Environment Tests ensure env vars are set" duration="1"/>
  </file>
</testExecutions>